2024-06-10 14:04:06.671  INFO Camilla --- [kground-preinit] o.h.v.i.u.Version                        : HV000001: Hibernate Validator 6.2.5.Final
2024-06-10 14:04:06.707  INFO Camilla --- [  restartedMain] c.i.s.StaffNotificationV2Application     : Starting StaffNotificationV2Application using Java 11.0.17 on Camilla with PID 7820 (D:\Eclipse\java\folder\staff-notificationv2\target\classes started by admin in D:\Eclipse\java\folder\staff-notificationv2)
2024-06-10 14:04:06.711  INFO Camilla --- [  restartedMain] c.i.s.StaffNotificationV2Application     : No active profile set, falling back to 1 default profile: "default"
2024-06-10 14:04:06.750  INFO Camilla --- [  restartedMain] .e.DevToolsPropertyDefaultsPostProcessor : Devtools property defaults active! Set 'spring.devtools.add-properties' to 'false' to disable
2024-06-10 14:04:06.751  INFO Camilla --- [  restartedMain] .e.DevToolsPropertyDefaultsPostProcessor : For additional web related logging consider setting the 'logging.level.web' property to 'DEBUG'
2024-06-10 14:04:07.346  INFO Camilla --- [  restartedMain] .s.d.r.c.RepositoryConfigurationDelegate : Bootstrapping Spring Data JPA repositories in DEFAULT mode.
2024-06-10 14:04:07.415  INFO Camilla --- [  restartedMain] .s.d.r.c.RepositoryConfigurationDelegate : Finished Spring Data repository scanning in 61 ms. Found 8 JPA repository interfaces.
2024-06-10 14:04:08.099  INFO Camilla --- [  restartedMain] o.s.b.w.e.t.TomcatWebServer              : Tomcat initialized with port(s): 8080 (http)
2024-06-10 14:04:08.114  INFO Camilla --- [  restartedMain] o.a.c.h.Http11NioProtocol                : Initializing ProtocolHandler ["http-nio-8080"]
2024-06-10 14:04:08.115  INFO Camilla --- [  restartedMain] o.a.c.c.StandardService                  : Starting service [Tomcat]
2024-06-10 14:04:08.116  INFO Camilla --- [  restartedMain] o.a.c.c.StandardEngine                   : Starting Servlet engine: [Apache Tomcat/9.0.78]
2024-06-10 14:04:08.200  INFO Camilla --- [  restartedMain] o.a.c.c.C.[.[.[/]                        : Initializing Spring embedded WebApplicationContext
2024-06-10 14:04:08.200  INFO Camilla --- [  restartedMain] w.s.c.ServletWebServerApplicationContext : Root WebApplicationContext: initialization completed in 1449 ms
2024-06-10 14:04:08.346  WARN Camilla --- [  restartedMain] JpaBaseConfiguration$JpaWebConfiguration : spring.jpa.open-in-view is enabled by default. Therefore, database queries may be performed during view rendering. Explicitly configure spring.jpa.open-in-view to disable this warning
2024-06-10 14:04:08.395  INFO Camilla --- [  restartedMain] c.z.h.HikariDataSource                   : HikariPool-1 - Starting...
2024-06-10 14:04:08.537  INFO Camilla --- [  restartedMain] c.z.h.HikariDataSource                   : HikariPool-1 - Start completed.
2024-06-10 14:04:08.577  INFO Camilla --- [  restartedMain] o.h.j.i.u.LogHelper                      : HHH000204: Processing PersistenceUnitInfo [name: default]
2024-06-10 14:04:08.616  INFO Camilla --- [  restartedMain] o.h.Version                              : HHH000412: Hibernate ORM core version 5.6.15.Final
2024-06-10 14:04:08.736  INFO Camilla --- [  restartedMain] o.h.a.c.Version                          : HCANN000001: Hibernate Commons Annotations {5.1.2.Final}
2024-06-10 14:04:08.821  INFO Camilla --- [  restartedMain] o.h.d.Dialect                            : HHH000400: Using dialect: org.hibernate.dialect.MySQL8Dialect
2024-06-10 14:04:09.418  INFO Camilla --- [  restartedMain] o.h.e.t.j.p.i.JtaPlatformInitiator       : HHH000490: Using JtaPlatform implementation: [org.hibernate.engine.transaction.jta.platform.internal.NoJtaPlatform]
2024-06-10 14:04:09.426  INFO Camilla --- [  restartedMain] j.LocalContainerEntityManagerFactoryBean : Initialized JPA EntityManagerFactory for persistence unit 'default'
2024-06-10 14:04:10.707  INFO Camilla --- [  restartedMain] o.s.s.w.DefaultSecurityFilterChain       : Will secure any request with [org.springframework.security.web.session.DisableEncodeUrlFilter@3ea65c93, org.springframework.security.web.context.request.async.WebAsyncManagerIntegrationFilter@1e490ee4, org.springframework.security.web.context.SecurityContextPersistenceFilter@4939302e, org.springframework.security.web.header.HeaderWriterFilter@6666966c, org.springframework.web.filter.CorsFilter@79746de2, org.springframework.security.web.authentication.logout.LogoutFilter@70aeb3eb, com.istt.staff_notification_v2.security.securityv2.JwtAuthenticationFilter@66db8ae7, org.springframework.security.web.savedrequest.RequestCacheAwareFilter@66a3eedb, org.springframework.security.web.servletapi.SecurityContextHolderAwareRequestFilter@2de04fcf, org.springframework.security.web.authentication.AnonymousAuthenticationFilter@21ea585c, org.springframework.security.web.session.SessionManagementFilter@3c33b617, org.springframework.security.web.access.ExceptionTranslationFilter@78c40f1e, org.springframework.security.web.access.intercept.FilterSecurityInterceptor@6869c84f]
2024-06-10 14:04:10.958  INFO Camilla --- [  restartedMain] o.s.b.d.a.OptionalLiveReloadServer       : LiveReload server is running on port 35729
2024-06-10 14:04:10.973  INFO Camilla --- [  restartedMain] o.a.c.h.Http11NioProtocol                : Starting ProtocolHandler ["http-nio-8080"]
2024-06-10 14:04:10.994  INFO Camilla --- [  restartedMain] o.s.b.w.e.t.TomcatWebServer              : Tomcat started on port(s): 8080 (http) with context path ''
2024-06-10 14:04:11.002  INFO Camilla --- [  restartedMain] c.i.s.StaffNotificationV2Application     : Started StaffNotificationV2Application in 4.563 seconds (JVM running for 5.249)
2024-06-10 14:04:32.685  INFO Camilla --- [nio-8080-exec-2] o.a.c.c.C.[.[.[/]                        : Initializing Spring DispatcherServlet 'dispatcherServlet'
2024-06-10 14:04:32.685  INFO Camilla --- [nio-8080-exec-2] o.s.w.s.DispatcherServlet                : Initializing Servlet 'dispatcherServlet'
2024-06-10 14:04:32.694  INFO Camilla --- [nio-8080-exec-2] o.s.w.s.DispatcherServlet                : Completed initialization in 9 ms
